# JRE version: OpenJDK Runtime Environment (17.0.9) (build 17.0.9+0--11185874)
# Java VM: OpenJDK 64-Bit Server VM (17.0.9+0--11185874, mixed mode, tiered, compressed oops, compressed class ptrs, g1 gc, windows-amd64)
GC Precious Log:
 CPUs: 8 total, 8 available
 Memory: 16075M
 Large Page Support: Disabled
 NUMA Support: Disabled
 Compressed Oops: Enabled (32-bit)
 Heap Region Size: 1M
 Heap Min Capacity: 8M
 Heap Initial Capacity: 252M
 Heap Max Capacity: 2G
 Pre-touch: Disabled
 Parallel Workers: 8
 Concurrent Workers: 2
 Concurrent Refinement Workers: 8
 Periodic GC: Disabled
Heap:
 garbage-first heap   total 243712K, used 110636K [0x0000000080000000, 0x0000000100000000)
  region size 1024K, 52 young (53248K), 2 survivors (2048K)
 Metaspace       used 56986K, committed 57472K, reserved 1114112K
  class space    used 7472K, committed 7680K, reserved 1048576K
GC Heap History (20 events):
Event: 14.995 GC heap before
{Heap before GC invocations=38 (full 0):
 garbage-first heap   total 202752K, used 171967K [0x0000000080000000, 0x0000000100000000)
  region size 1024K, 118 young (120832K), 8 survivors (8192K)
 Metaspace       used 52721K, committed 53184K, reserved 1114112K
  class space    used 6969K, committed 7168K, reserved 1048576K
}
Event: 15.002 GC heap after
{Heap after GC invocations=39 (full 0):
 garbage-first heap   total 202752K, used 60505K [0x0000000080000000, 0x0000000100000000)
  region size 1024K, 9 young (9216K), 9 survivors (9216K)
 Metaspace       used 52721K, committed 53184K, reserved 1114112K
  class space    used 6969K, committed 7168K, reserved 1048576K
}
Event: 15.747 GC heap before
{Heap before GC invocations=39 (full 0):
 garbage-first heap   total 202752K, used 172121K [0x0000000080000000, 0x0000000100000000)
  region size 1024K, 118 young (120832K), 9 survivors (9216K)
 Metaspace       used 52721K, committed 53184K, reserved 1114112K
  class space    used 6969K, committed 7168K, reserved 1048576K
}
Event: 15.756 GC heap after
{Heap after GC invocations=40 (full 0):
 garbage-first heap   total 202752K, used 61114K [0x0000000080000000, 0x0000000100000000)
  region size 1024K, 9 young (9216K), 9 survivors (9216K)
 Metaspace       used 52721K, committed 53184K, reserved 1114112K
  class space    used 6969K, committed 7168K, reserved 1048576K
}
Event: 16.339 GC heap before
{Heap before GC invocations=40 (full 0):
 garbage-first heap   total 202752K, used 172730K [0x0000000080000000, 0x0000000100000000)
  region size 1024K, 118 young (120832K), 9 survivors (9216K)
 Metaspace       used 52723K, committed 53184K, reserved 1114112K
  class space    used 6969K, committed 7168K, reserved 1048576K
}
Event: 16.346 GC heap after
{Heap after GC invocations=41 (full 0):
 garbage-first heap   total 202752K, used 62504K [0x0000000080000000, 0x0000000100000000)
  region size 1024K, 8 young (8192K), 8 survivors (8192K)
 Metaspace       used 52723K, committed 53184K, reserved 1114112K
  class space    used 6969K, committed 7168K, reserved 1048576K
}
Event: 16.624 GC heap before
{Heap before GC invocations=41 (full 0):
 garbage-first heap   total 202752K, used 173096K [0x0000000080000000, 0x0000000100000000)
  region size 1024K, 116 young (118784K), 8 survivors (8192K)
 Metaspace       used 52723K, committed 53184K, reserved 1114112K
  class space    used 6969K, committed 7168K, reserved 1048576K
}
Event: 16.630 GC heap after
{Heap after GC invocations=42 (full 0):
 garbage-first heap   total 202752K, used 63312K [0x0000000080000000, 0x0000000100000000)
  region size 1024K, 9 young (9216K), 9 survivors (9216K)
 Metaspace       used 52723K, committed 53184K, reserved 1114112K
  class space    used 6969K, committed 7168K, reserved 1048576K
}
Event: 16.827 GC heap before
{Heap before GC invocations=42 (full 0):
 garbage-first heap   total 202752K, used 171856K [0x0000000080000000, 0x0000000100000000)
  region size 1024K, 115 young (117760K), 9 survivors (9216K)
 Metaspace       used 52723K, committed 53184K, reserved 1114112K
  class space    used 6969K, committed 7168K, reserved 1048576K
}
Event: 16.833 GC heap after
{Heap after GC invocations=43 (full 0):
 garbage-first heap   total 243712K, used 64804K [0x0000000080000000, 0x0000000100000000)
  region size 1024K, 9 young (9216K), 9 survivors (9216K)
 Metaspace       used 52723K, committed 53184K, reserved 1114112K
  class space    used 6969K, committed 7168K, reserved 1048576K
}
Event: 17.097 GC heap before
{Heap before GC invocations=43 (full 0):
 garbage-first heap   total 243712K, used 200996K [0x0000000080000000, 0x0000000100000000)
  region size 1024K, 142 young (145408K), 9 survivors (9216K)
 Metaspace       used 52723K, committed 53184K, reserved 1114112K
  class space    used 6969K, committed 7168K, reserved 1048576K
}
Event: 17.103 GC heap after
{Heap after GC invocations=44 (full 0):
 garbage-first heap   total 243712K, used 66014K [0x0000000080000000, 0x0000000100000000)
  region size 1024K, 10 young (10240K), 10 survivors (10240K)
 Metaspace       used 52723K, committed 53184K, reserved 1114112K
  class space    used 6969K, committed 7168K, reserved 1048576K
}
Event: 17.333 GC heap before
{Heap before GC invocations=44 (full 0):
 garbage-first heap   total 243712K, used 202206K [0x0000000080000000, 0x0000000100000000)
  region size 1024K, 142 young (145408K), 10 survivors (10240K)
 Metaspace       used 52724K, committed 53184K, reserved 1114112K
  class space    used 6969K, committed 7168K, reserved 1048576K
}
Event: 17.339 GC heap after
{Heap after GC invocations=45 (full 0):
 garbage-first heap   total 243712K, used 67695K [0x0000000080000000, 0x0000000100000000)
  region size 1024K, 11 young (11264K), 11 survivors (11264K)
 Metaspace       used 52724K, committed 53184K, reserved 1114112K
  class space    used 6969K, committed 7168K, reserved 1048576K
}
Event: 18.091 GC heap before
{Heap before GC invocations=45 (full 0):
 garbage-first heap   total 243712K, used 209007K [0x0000000080000000, 0x0000000100000000)
  region size 1024K, 142 young (145408K), 11 survivors (11264K)
 Metaspace       used 52740K, committed 53184K, reserved 1114112K
  class space    used 6969K, committed 7168K, reserved 1048576K
}
Event: 18.093 GC heap after
{Heap after GC invocations=46 (full 0):
 garbage-first heap   total 243712K, used 59602K [0x0000000080000000, 0x0000000100000000)
  region size 1024K, 2 young (2048K), 2 survivors (2048K)
 Metaspace       used 52740K, committed 53184K, reserved 1114112K
  class space    used 6969K, committed 7168K, reserved 1048576K
}
Event: 18.381 GC heap before
{Heap before GC invocations=46 (full 0):
 garbage-first heap   total 243712K, used 202962K [0x0000000080000000, 0x0000000100000000)
  region size 1024K, 142 young (145408K), 2 survivors (2048K)
 Metaspace       used 52740K, committed 53184K, reserved 1114112K
  class space    used 6969K, committed 7168K, reserved 1048576K
}
Event: 18.383 GC heap after
{Heap after GC invocations=47 (full 0):
 garbage-first heap   total 243712K, used 61147K [0x0000000080000000, 0x0000000100000000)
  region size 1024K, 4 young (4096K), 4 survivors (4096K)
 Metaspace       used 52740K, committed 53184K, reserved 1114112K
  class space    used 6969K, committed 7168K, reserved 1048576K
}
Event: 18.826 GC heap before
{Heap before GC invocations=47 (full 0):
 garbage-first heap   total 243712K, used 206555K [0x0000000080000000, 0x0000000100000000)
  region size 1024K, 142 young (145408K), 4 survivors (4096K)
 Metaspace       used 52839K, committed 53248K, reserved 1114112K
  class space    used 6973K, committed 7168K, reserved 1048576K
}
Event: 18.828 GC heap after
{Heap after GC invocations=48 (full 0):
 garbage-first heap   total 243712K, used 59436K [0x0000000080000000, 0x0000000100000000)
  region size 1024K, 2 young (2048K), 2 survivors (2048K)
 Metaspace       used 52839K, committed 53248K, reserved 1114112K
  class space    used 6973K, committed 7168K, reserved 1048576K
}

